<?xml version="1.0" encoding="UTF-8"?>
<!-- Generated by org.testng.reporters.JUnitReportReporter -->
<testsuite skipped="0" hostname="DESKTOP-SNDT4RA" name="parametersAndparallels_testNG.TestParallel1" tests="2" failures="0" timestamp="01 Jan 2022 16:27:47 GMT" time="12.043" errors="0">
  <testcase name="testMethod1" time="6.024" classname="parametersAndparallels_testNG.TestParallel1"/>
  <testcase name="testMethod2" time="6.019" classname="parametersAndparallels_testNG.TestParallel1"/>
</testsuite> <!-- parametersAndparallels_testNG.TestParallel1 -->
