<?xml version="1.0" encoding="UTF-8"?>
<!-- Generated by org.testng.reporters.JUnitReportReporter -->
<testsuite skipped="0" hostname="DESKTOP-SNDT4RA" name="jsexecution.JSClick" tests="1" failures="0" timestamp="2022-06-05T14:59:34 IST" time="90.377" errors="0">
  <testcase name="test2" time="90.377" classname="jsexecution.JSClick"/>
  <system-out/>
</testsuite> <!-- jsexecution.JSClick -->
