<?xml version="1.0" encoding="UTF-8"?>
<!-- Generated by org.testng.reporters.JUnitReportReporter -->
<testsuite skipped="0" hostname="DESKTOP-SNDT4RA" name="parametersAndparallels_testNG.PracticeTestParametersParallel" tests="2" failures="0" timestamp="08 Feb 2022 22:42:47 GMT" time="13.415" errors="0">
  <testcase name="testLogin" time="7.900" classname="parametersAndparallels_testNG.PracticeTestParametersParallel"/>
  <testcase name="testLogin" time="5.515" classname="parametersAndparallels_testNG.PracticeTestParametersParallel"/>
</testsuite> <!-- parametersAndparallels_testNG.PracticeTestParametersParallel -->
