<?xml version="1.0" encoding="UTF-8"?>
<!-- Generated by org.testng.reporters.JUnitReportReporter -->
<testsuite skipped="1" hostname="DESKTOP-SNDT4RA" name="advanced_testNG.TestNG_EnableTimeout" tests="2" failures="0" timestamp="27 Apr 2021 09:38:55 GMT" time="0.215" errors="0">
  <testcase name="testMethod2" time="0.215" classname="advanced_testNG.TestNG_EnableTimeout"/>
  <testcase name="testMethod1" classname="advanced_testNG.TestNG_EnableTimeout">
    <skipped/>
  </testcase> <!-- testMethod1 -->
</testsuite> <!-- advanced_testNG.TestNG_EnableTimeout -->
