<?xml version="1.0" encoding="UTF-8"?>
<!-- Generated by org.testng.reporters.JUnitReportReporter -->
<testsuite skipped="0" hostname="DESKTOP-SNDT4RA" name="extentreports_advancedreporting.Test1" tests="1" failures="0" timestamp="03 Apr 2022 17:01:27 GMT" time="29.280" errors="0">
  <testcase name="testValidLogin" time="29.280" classname="extentreports_advancedreporting.Test1"/>
</testsuite> <!-- extentreports_advancedreporting.Test1 -->
