<?xml version="1.0" encoding="UTF-8"?>
<!-- Generated by org.testng.reporters.JUnitReportReporter -->
<testsuite skipped="0" hostname="DESKTOP-SNDT4RA" name="fileuploadandwindowsauthentication.FileUploadWindows" tests="1" failures="0" timestamp="2022-06-05T14:53:38 IST" time="7.561" errors="0">
  <testcase name="f" time="7.561" classname="fileuploadandwindowsauthentication.FileUploadWindows"/>
  <system-out/>
</testsuite> <!-- fileuploadandwindowsauthentication.FileUploadWindows -->
