<?xml version="1.0" encoding="UTF-8"?>
<!-- Generated by org.testng.reporters.JUnitReportReporter -->
<testsuite skipped="0" hostname="DESKTOP-SNDT4RA" name="testclasses_testNG.TestAsserts" tests="3" failures="0" timestamp="25 Aug 2020 12:28:11 GMT" time="0.024" errors="0">
  <testcase name="testGetArray" time="0.004" classname="testclasses_testNG.TestAsserts"/>
  <testcase name="testAddString" time="0.017" classname="testclasses_testNG.TestAsserts"/>
  <testcase name="testSumNo" time="0.003" classname="testclasses_testNG.TestAsserts"/>
</testsuite> <!-- testclasses_testNG.TestAsserts -->
