<?xml version="1.0" encoding="UTF-8"?>
<!-- Generated by org.testng.reporters.JUnitReportReporter -->
<testsuite skipped="0" hostname="DESKTOP-SNDT4RA" name="usefulmethods.EleListDemo" tests="1" failures="0" timestamp="2022-06-05T15:07:02 IST" time="26.062" errors="0">
  <testcase name="test" time="26.062" classname="usefulmethods.EleListDemo"/>
  <system-out/>
</testsuite> <!-- usefulmethods.EleListDemo -->
