<?xml version="1.0" encoding="UTF-8"?>
<!-- Generated by org.testng.reporters.JUnitReportReporter -->
<testsuite skipped="0" hostname="DESKTOP-SNDT4RA" name="extentreports_advancedreporting.Test2" tests="1" failures="0" timestamp="03 Apr 2022 17:01:27 GMT" time="0.003" errors="0">
  <testcase name="f" time="0.003" classname="extentreports_advancedreporting.Test2"/>
</testsuite> <!-- extentreports_advancedreporting.Test2 -->
