<?xml version="1.0" encoding="UTF-8"?>
<!-- Generated by org.testng.reporters.JUnitReportReporter -->
<testsuite skipped="0" hostname="DESKTOP-SNDT4RA" name="advanced_testNG.TestNG_Priority" tests="3" failures="0" timestamp="13 Oct 2020 18:07:39 GMT" time="0.009" errors="0">
  <testcase name="testMethod3" time="0.002" classname="advanced_testNG.TestNG_Priority"/>
  <testcase name="testMethod1" time="0.005" classname="advanced_testNG.TestNG_Priority"/>
  <testcase name="testMethod2" time="0.002" classname="advanced_testNG.TestNG_Priority"/>
</testsuite> <!-- advanced_testNG.TestNG_Priority -->
