<?xml version="1.0" encoding="UTF-8"?>
<!-- Generated by org.testng.reporters.JUnitReportReporter -->
<testsuite skipped="0" hostname="DESKTOP-SNDT4RA" name="advanced_testNG.TestNG_Preserve2" tests="2" failures="0" timestamp="27 Apr 2021 10:14:18 GMT" time="0.217" errors="0">
  <testcase name="testMethod2" time="0.202" classname="advanced_testNG.TestNG_Preserve2"/>
  <testcase name="testMethod1" time="0.015" classname="advanced_testNG.TestNG_Preserve2"/>
</testsuite> <!-- advanced_testNG.TestNG_Preserve2 -->
