<?xml version="1.0" encoding="UTF-8"?>
<!-- Generated by org.testng.reporters.JUnitReportReporter -->
<testsuite skipped="0" hostname="DESKTOP-SNDT4RA" name="testclasses_testNG.TestClass1" tests="2" failures="0" timestamp="2022-06-05T14:23:57 IST" time="0.016" errors="0">
  <testcase name="testMethod2" time="0.008" classname="testclasses_testNG.TestClass1"/>
  <system-out/>
  <testcase name="testMethod1" time="0.008" classname="testclasses_testNG.TestClass1"/>
  <system-out/>
</testsuite> <!-- testclasses_testNG.TestClass1 -->
