<?xml version="1.0" encoding="UTF-8"?>
<!-- Generated by org.testng.reporters.JUnitReportReporter -->
<testsuite skipped="0" hostname="DESKTOP-SNDT4RA" name="testclasses_testNG.TestClass2" tests="2" failures="0" timestamp="11 Oct 2020 18:33:44 GMT" time="0.004" errors="0">
  <testcase name="testMethod1" time="0.003" classname="testclasses_testNG.TestClass2"/>
  <testcase name="testMethod2" time="0.001" classname="testclasses_testNG.TestClass2"/>
</testsuite> <!-- testclasses_testNG.TestClass2 -->
