<?xml version="1.0" encoding="UTF-8"?>
<!-- Generated by org.testng.reporters.JUnitReportReporter -->
<testsuite skipped="0" hostname="DESKTOP-SNDT4RA" name="parametersAndparallels_testNG.TestParallel1" tests="2" failures="0" timestamp="23 Jan 2022 11:32:23 GMT" time="12.066" errors="0">
  <testcase name="testMethod2" time="6.033" classname="parametersAndparallels_testNG.TestParallel1"/>
  <testcase name="testMethod1" time="6.033" classname="parametersAndparallels_testNG.TestParallel1"/>
</testsuite> <!-- parametersAndparallels_testNG.TestParallel1 -->
