<?xml version="1.0" encoding="UTF-8"?>
<!-- Generated by org.testng.reporters.JUnitReportReporter -->
<testsuite skipped="0" hostname="DESKTOP-SNDT4RA" name="parametersAndparallels_testNG.TestParameters" tests="1" failures="0" timestamp="01 Jan 2022 12:00:09 GMT" time="0.008" errors="0">
  <testcase name="testMethod1" time="0.008" classname="parametersAndparallels_testNG.TestParameters"/>
</testsuite> <!-- parametersAndparallels_testNG.TestParameters -->
