<?xml version="1.0" encoding="UTF-8"?>
<!-- Generated by org.testng.reporters.JUnitReportReporter -->
<testsuite skipped="0" hostname="DESKTOP-SNDT4RA" name="datadriventesting.UsingExcel" tests="2" failures="0" timestamp="12 Apr 2022 06:02:37 GMT" time="9.311" errors="0">
  <testcase name="testUsingExcel" time="4.961" classname="datadriventesting.UsingExcel"/>
  <testcase name="testUsingExcel" time="4.350" classname="datadriventesting.UsingExcel"/>
</testsuite> <!-- datadriventesting.UsingExcel -->
