<?xml version="1.0" encoding="UTF-8"?>
<!-- Generated by org.testng.reporters.JUnitReportReporter -->
<testsuite skipped="0" hostname="DESKTOP-SNDT4RA" name="advanced_testNG.TestNG_Preserve1" tests="2" failures="0" timestamp="27 Apr 2021 10:14:18 GMT" time="0.208" errors="0">
  <testcase name="testMethod2" time="0.205" classname="advanced_testNG.TestNG_Preserve1"/>
  <testcase name="testMethod1" time="0.003" classname="advanced_testNG.TestNG_Preserve1"/>
</testsuite> <!-- advanced_testNG.TestNG_Preserve1 -->
