<?xml version="1.0" encoding="UTF-8"?>
<!-- Generated by org.testng.reporters.JUnitReportReporter -->
<testsuite skipped="0" hostname="DESKTOP-SNDT4RA" name="extentreports_advancedreporting.LoginTest" tests="1" failures="0" timestamp="10 Apr 2022 09:28:26 GMT" time="11.220" errors="0">
  <testcase name="testValidLogin" time="11.220" classname="extentreports_advancedreporting.LoginTest"/>
</testsuite> <!-- extentreports_advancedreporting.LoginTest -->
