<?xml version="1.0" encoding="UTF-8"?>
<!-- Generated by org.testng.reporters.JUnitReportReporter -->
<testsuite skipped="0" hostname="DESKTOP-SNDT4RA" name="crossbrowsertesting_seleniumgrid2.SeleniumGrid_ParallelTest" tests="1" failures="0" timestamp="2022-06-05T18:09:13 IST" time="44.108" errors="0">
  <testcase name="test" time="44.108" classname="crossbrowsertesting_seleniumgrid2.SeleniumGrid_ParallelTest"/>
  <system-out/>
</testsuite> <!-- crossbrowsertesting_seleniumgrid2.SeleniumGrid_ParallelTest -->
