<?xml version="1.0" encoding="UTF-8"?>
<!-- Generated by org.testng.reporters.JUnitReportReporter -->
<testsuite skipped="0" hostname="DESKTOP-SNDT4RA" name="fileuploadandwindowsauthentication.WindowsAuthentication" tests="1" failures="0" timestamp="01 May 2022 15:12:15 GMT" time="8.889" errors="0">
  <testcase name="f" time="8.889" classname="fileuploadandwindowsauthentication.WindowsAuthentication"/>
</testsuite> <!-- fileuploadandwindowsauthentication.WindowsAuthentication -->
