<?xml version="1.0" encoding="UTF-8"?>
<!-- Generated by org.testng.reporters.JUnitReportReporter -->
<testsuite skipped="0" hostname="DESKTOP-SNDT4RA" name="advanced_testNG.TestNG_DependentTestCases" tests="4" failures="0" timestamp="2022-06-05T14:49:12 IST" time="0.038" errors="0">
  <testcase name="testMethod3" time="0.007" classname="advanced_testNG.TestNG_DependentTestCases"/>
  <system-out/>
  <testcase name="testMethod2" time="0.025" classname="advanced_testNG.TestNG_DependentTestCases"/>
  <system-out/>
  <testcase name="testMethod1" time="0.002" classname="advanced_testNG.TestNG_DependentTestCases"/>
  <system-out/>
  <testcase name="testMethod4" time="0.004" classname="advanced_testNG.TestNG_DependentTestCases"/>
  <system-out/>
</testsuite> <!-- advanced_testNG.TestNG_DependentTestCases -->
