<?xml version="1.0" encoding="UTF-8"?>
<!-- Generated by org.testng.reporters.JUnitReportReporter -->
<testsuite skipped="0" hostname="DESKTOP-SNDT4RA" name="regressionsuite_testNG.TestClass2" tests="2" failures="0" timestamp="11 Oct 2020 19:36:57 GMT" time="0.007" errors="0">
  <testcase name="testMethod1" time="0.004" classname="regressionsuite_testNG.TestClass2"/>
  <testcase name="testMethod2" time="0.003" classname="regressionsuite_testNG.TestClass2"/>
</testsuite> <!-- regressionsuite_testNG.TestClass2 -->
