<?xml version="1.0" encoding="UTF-8"?>
<!-- Generated by org.testng.reporters.JUnitReportReporter -->
<testsuite skipped="0" hostname="DESKTOP-SNDT4RA" name="advanced_testNG.TestNG_Grouping" tests="2" failures="0" timestamp="26 Apr 2021 11:11:42 GMT" time="0.011" errors="0">
  <testcase name="testMarutiSuzukiCiaz" time="0.008" classname="advanced_testNG.TestNG_Grouping"/>
  <testcase name="testTataNexon" time="0.003" classname="advanced_testNG.TestNG_Grouping"/>
</testsuite> <!-- advanced_testNG.TestNG_Grouping -->
