<?xml version="1.0" encoding="UTF-8"?>
<!-- Generated by org.testng.reporters.JUnitReportReporter -->
<testsuite skipped="0" hostname="DESKTOP-SNDT4RA" name="testclasses_testNG.TestAnnotation" tests="3" failures="0" timestamp="25 Aug 2020 12:16:08 GMT" time="0.034" errors="0">
  <testcase name="testMethod2" time="0.004" classname="testclasses_testNG.TestAnnotation"/>
  <testcase name="testMethod3" time="0.007" classname="testclasses_testNG.TestAnnotation"/>
  <testcase name="testMethod1" time="0.023" classname="testclasses_testNG.TestAnnotation"/>
</testsuite> <!-- testclasses_testNG.TestAnnotation -->
