<?xml version="1.0" encoding="UTF-8"?>
<!-- Generated by org.testng.reporters.JUnitReportReporter -->
<testsuite skipped="0" hostname="DESKTOP-SNDT4RA" name="workingwithactionsclass.DragAndDropActions" tests="1" failures="0" timestamp="2022-06-05T15:07:29 IST" time="18.127" errors="0">
  <testcase name="test1" time="18.127" classname="workingwithactionsclass.DragAndDropActions"/>
  <system-out/>
</testsuite> <!-- workingwithactionsclass.DragAndDropActions -->
