<?xml version="1.0" encoding="UTF-8"?>
<!-- Generated by org.testng.reporters.JUnitReportReporter -->
<testsuite skipped="0" hostname="DESKTOP-SNDT4RA" name="datadriventesting.SingleDataSet_UsingExcel" tests="1" failures="0" timestamp="2022-05-29T23:02:10 IST" time="23.091" errors="0">
  <testcase name="testUsingExcel" time="23.091" classname="datadriventesting.SingleDataSet_UsingExcel"/>
  <system-out/>
</testsuite> <!-- datadriventesting.SingleDataSet_UsingExcel -->
