<?xml version="1.0" encoding="UTF-8"?>
<!-- Generated by org.testng.reporters.JUnitReportReporter -->
<testsuite skipped="0" hostname="DESKTOP-SNDT4RA" name="testclasses_testNG.BeforeClassAnnotations" tests="2" failures="0" timestamp="25 Aug 2020 18:25:27 GMT" time="0.026" errors="0">
  <testcase name="testMethod2" time="0.007" classname="testclasses_testNG.BeforeClassAnnotations"/>
  <testcase name="testMethod1" time="0.019" classname="testclasses_testNG.BeforeClassAnnotations"/>
</testsuite> <!-- testclasses_testNG.BeforeClassAnnotations -->
