<?xml version="1.0" encoding="UTF-8"?>
<!-- Generated by org.testng.reporters.JUnitReportReporter -->
<testsuite skipped="0" hostname="DESKTOP-SNDT4RA" name="dataproviders_testNG.DataProviders" tests="3" failures="0" timestamp="09 Feb 2022 00:22:40 GMT" time="0.058" errors="0">
  <testcase name="testMethod1" time="0.018" classname="dataproviders_testNG.DataProviders"/>
  <testcase name="testMethod1" time="0.005" classname="dataproviders_testNG.DataProviders"/>
  <testcase name="testMethod1" time="0.035" classname="dataproviders_testNG.DataProviders"/>
</testsuite> <!-- dataproviders_testNG.DataProviders -->
