<?xml version="1.0" encoding="UTF-8"?>
<!-- Generated by org.testng.reporters.JUnitReportReporter -->
<testsuite skipped="0" hostname="DESKTOP-SNDT4RA" name="fileuploadandwindowsauthentication.FileUploadWindowsAutoIt" tests="1" failures="0" timestamp="01 May 2022 12:49:14 GMT" time="21.406" errors="0">
  <testcase name="f" time="21.406" classname="fileuploadandwindowsauthentication.FileUploadWindowsAutoIt"/>
</testsuite> <!-- fileuploadandwindowsauthentication.FileUploadWindowsAutoIt -->
