<?xml version="1.0" encoding="UTF-8"?>
<!-- Generated by org.testng.reporters.JUnitReportReporter -->
<testsuite skipped="0" hostname="DESKTOP-SNDT4RA" name="advanced_testNG.TestNG_DependentTestCases" tests="4" failures="0" timestamp="11 Dec 2021 13:08:40 GMT" time="0.015" errors="0">
  <testcase name="testMethod3" time="0.003" classname="advanced_testNG.TestNG_DependentTestCases"/>
  <testcase name="testMethod1" time="0.002" classname="advanced_testNG.TestNG_DependentTestCases"/>
  <testcase name="testMethod4" time="0.002" classname="advanced_testNG.TestNG_DependentTestCases"/>
  <testcase name="testMethod2" time="0.008" classname="advanced_testNG.TestNG_DependentTestCases"/>
</testsuite> <!-- advanced_testNG.TestNG_DependentTestCases -->
