<?xml version="1.0" encoding="UTF-8"?>
<!-- Generated by org.testng.reporters.JUnitReportReporter -->
<testsuite skipped="0" hostname="DESKTOP-SNDT4RA" name="regressionsuite_testNG.TestClass2" tests="2" failures="0" timestamp="2022-06-05T13:13:57 IST" time="0.019" errors="0">
  <testcase name="testMethod2" time="0.006" classname="regressionsuite_testNG.TestClass2"/>
  <system-out/>
  <testcase name="testMethod1" time="0.013" classname="regressionsuite_testNG.TestClass2"/>
  <system-out/>
</testsuite> <!-- regressionsuite_testNG.TestClass2 -->
